Start testing: Sep 18 23:00 MSK
----------------------------------------------------------
1/10 Testing: test1
1/10 Test: test1
Command: "/usr/bin/bash" "-c" "/home/oleg_pupkov/projects/Cache/runtest.sh /home/oleg_pupkov/projects/Cache/tests/test1.in /home/oleg_pupkov/projects/Cache/build/TwoQCache.x"
Directory: /home/oleg_pupkov/projects/Cache/build
"test1" start time: Sep 18 23:00 MSK
Output:
----------------------------------------------------------
test1: PASS
<end of output>
Test time =   0.01 sec
----------------------------------------------------------
Test Passed.
"test1" end time: Sep 18 23:00 MSK
"test1" time elapsed: 00:00:00
----------------------------------------------------------

2/10 Testing: test10
2/10 Test: test10
Command: "/usr/bin/bash" "-c" "/home/oleg_pupkov/projects/Cache/runtest.sh /home/oleg_pupkov/projects/Cache/tests/test10.in /home/oleg_pupkov/projects/Cache/build/TwoQCache.x"
Directory: /home/oleg_pupkov/projects/Cache/build
"test10" start time: Sep 18 23:00 MSK
Output:
----------------------------------------------------------
test10: PASS
<end of output>
Test time =   0.01 sec
----------------------------------------------------------
Test Passed.
"test10" end time: Sep 18 23:00 MSK
"test10" time elapsed: 00:00:00
----------------------------------------------------------

3/10 Testing: test2
3/10 Test: test2
Command: "/usr/bin/bash" "-c" "/home/oleg_pupkov/projects/Cache/runtest.sh /home/oleg_pupkov/projects/Cache/tests/test2.in /home/oleg_pupkov/projects/Cache/build/TwoQCache.x"
Directory: /home/oleg_pupkov/projects/Cache/build
"test2" start time: Sep 18 23:00 MSK
Output:
----------------------------------------------------------
test2: FAIL
Expected: 1
Result: 2
<end of output>
Test time =   0.01 sec
----------------------------------------------------------
Test Failed.
"test2" end time: Sep 18 23:00 MSK
"test2" time elapsed: 00:00:00
----------------------------------------------------------

4/10 Testing: test3
4/10 Test: test3
Command: "/usr/bin/bash" "-c" "/home/oleg_pupkov/projects/Cache/runtest.sh /home/oleg_pupkov/projects/Cache/tests/test3.in /home/oleg_pupkov/projects/Cache/build/TwoQCache.x"
Directory: /home/oleg_pupkov/projects/Cache/build
"test3" start time: Sep 18 23:00 MSK
Output:
----------------------------------------------------------
test3: FAIL
Expected: 15
Result: 13
<end of output>
Test time =   0.01 sec
----------------------------------------------------------
Test Failed.
"test3" end time: Sep 18 23:00 MSK
"test3" time elapsed: 00:00:00
----------------------------------------------------------

5/10 Testing: test4
5/10 Test: test4
Command: "/usr/bin/bash" "-c" "/home/oleg_pupkov/projects/Cache/runtest.sh /home/oleg_pupkov/projects/Cache/tests/test4.in /home/oleg_pupkov/projects/Cache/build/TwoQCache.x"
Directory: /home/oleg_pupkov/projects/Cache/build
"test4" start time: Sep 18 23:00 MSK
Output:
----------------------------------------------------------
test4: PASS
<end of output>
Test time =   0.01 sec
----------------------------------------------------------
Test Passed.
"test4" end time: Sep 18 23:00 MSK
"test4" time elapsed: 00:00:00
----------------------------------------------------------

6/10 Testing: test5
6/10 Test: test5
Command: "/usr/bin/bash" "-c" "/home/oleg_pupkov/projects/Cache/runtest.sh /home/oleg_pupkov/projects/Cache/tests/test5.in /home/oleg_pupkov/projects/Cache/build/TwoQCache.x"
Directory: /home/oleg_pupkov/projects/Cache/build
"test5" start time: Sep 18 23:00 MSK
Output:
----------------------------------------------------------
test5: FAIL
Expected: 6
Result: 5
<end of output>
Test time =   0.01 sec
----------------------------------------------------------
Test Failed.
"test5" end time: Sep 18 23:00 MSK
"test5" time elapsed: 00:00:00
----------------------------------------------------------

7/10 Testing: test6
7/10 Test: test6
Command: "/usr/bin/bash" "-c" "/home/oleg_pupkov/projects/Cache/runtest.sh /home/oleg_pupkov/projects/Cache/tests/test6.in /home/oleg_pupkov/projects/Cache/build/TwoQCache.x"
Directory: /home/oleg_pupkov/projects/Cache/build
"test6" start time: Sep 18 23:00 MSK
Output:
----------------------------------------------------------
test6: PASS
<end of output>
Test time =   0.01 sec
----------------------------------------------------------
Test Passed.
"test6" end time: Sep 18 23:00 MSK
"test6" time elapsed: 00:00:00
----------------------------------------------------------

8/10 Testing: test7
8/10 Test: test7
Command: "/usr/bin/bash" "-c" "/home/oleg_pupkov/projects/Cache/runtest.sh /home/oleg_pupkov/projects/Cache/tests/test7.in /home/oleg_pupkov/projects/Cache/build/TwoQCache.x"
Directory: /home/oleg_pupkov/projects/Cache/build
"test7" start time: Sep 18 23:00 MSK
Output:
----------------------------------------------------------
test7: FAIL
Expected: 6
Result: 0
<end of output>
Test time =   0.01 sec
----------------------------------------------------------
Test Failed.
"test7" end time: Sep 18 23:00 MSK
"test7" time elapsed: 00:00:00
----------------------------------------------------------

9/10 Testing: test8
9/10 Test: test8
Command: "/usr/bin/bash" "-c" "/home/oleg_pupkov/projects/Cache/runtest.sh /home/oleg_pupkov/projects/Cache/tests/test8.in /home/oleg_pupkov/projects/Cache/build/TwoQCache.x"
Directory: /home/oleg_pupkov/projects/Cache/build
"test8" start time: Sep 18 23:00 MSK
Output:
----------------------------------------------------------
test8: PASS
<end of output>
Test time =   0.01 sec
----------------------------------------------------------
Test Passed.
"test8" end time: Sep 18 23:00 MSK
"test8" time elapsed: 00:00:00
----------------------------------------------------------

10/10 Testing: test9
10/10 Test: test9
Command: "/usr/bin/bash" "-c" "/home/oleg_pupkov/projects/Cache/runtest.sh /home/oleg_pupkov/projects/Cache/tests/test9.in /home/oleg_pupkov/projects/Cache/build/TwoQCache.x"
Directory: /home/oleg_pupkov/projects/Cache/build
"test9" start time: Sep 18 23:00 MSK
Output:
----------------------------------------------------------
test9: PASS
<end of output>
Test time =   0.01 sec
----------------------------------------------------------
Test Passed.
"test9" end time: Sep 18 23:00 MSK
"test9" time elapsed: 00:00:00
----------------------------------------------------------

End testing: Sep 18 23:00 MSK
