<?xml version="1.0" encoding="UTF-8"?>
<Site BuildName="(empty)"
	BuildStamp="20250918-0705-Experimental"
	Name="(empty)"
	Generator="ctest-4.1.1"
	CompilerName=""
	CompilerVersion=""
	OSName="Linux"
	Hostname="ULTRATRAXAT"
	OSRelease="6.12.44-3-MANJARO"
	OSVersion="#1 SMP PREEMPT_DYNAMIC Mon, 01 Sep 2025 23:07:10 +0000"
	OSPlatform="x86_64"
	Is64Bits="1"
	VendorString="GenuineIntel"
	VendorID="Intel Corporation"
	FamilyID="6"
	ModelID="154"
	ModelName="12th Gen Intel(R) Core(TM) i5-12450H"
	ProcessorCacheSize="12288"
	NumberOfLogicalCPU="12"
	NumberOfPhysicalCPU="8"
	TotalVirtualMemory="0"
	TotalPhysicalMemory="31828"
	LogicalProcessorsPerPhysical="1"
	ProcessorClockFrequency="2739.94"
	>
	<Testing>
		<StartDateTime>Sep 18 16:04 MSK</StartDateTime>
		<StartTestTime>1758200692</StartTestTime>
		<TestList/>
		<EndDateTime>Sep 18 16:04 MSK</EndDateTime>
		<EndTestTime>1758200692</EndTestTime>
		<ElapsedMinutes>0</ElapsedMinutes>
	</Testing>
</Site>
